Using pre-set license
Built from '2022.3/staging' branch; Version is '2022.3.13f1 (5f90a5ebde0f) revision 6262949'; Using compiler version '192829333'; Build Type 'Release'
OS: 'Windows 10  (10.0.19045) 64bit Professional' Language: 'ko' Physical Memory: 32693 MB
BatchMode: 1, IsHumanControllingUs: 0, StartBugReporterOnCrash: 0, Is64bit: 1, IsPro: 1

COMMAND LINE ARGUMENTS:
C:\Program Files\Unity\Hub\Editor\2022.3.13f1\Editor\Unity.exe
-adb2
-batchMode
-noUpm
-name
AssetImportWorker0
-projectPath
C:/Users/yeowo/Desktop/Unity Play/Unity Tutorial
-logFile
Logs/AssetImportWorker0.log
-srvPort
10831
Successfully changed project path to: C:/Users/yeowo/Desktop/Unity Play/Unity Tutorial
C:/Users/yeowo/Desktop/Unity Play/Unity Tutorial
[UnityMemory] Configuration Parameters - Can be set up in boot.config
    "memorysetup-bucket-allocator-granularity=16"
    "memorysetup-bucket-allocator-bucket-count=8"
    "memorysetup-bucket-allocator-block-size=33554432"
    "memorysetup-bucket-allocator-block-count=8"
    "memorysetup-main-allocator-block-size=16777216"
    "memorysetup-thread-allocator-block-size=16777216"
    "memorysetup-gfx-main-allocator-block-size=16777216"
    "memorysetup-gfx-thread-allocator-block-size=16777216"
    "memorysetup-cache-allocator-block-size=4194304"
    "memorysetup-typetree-allocator-block-size=2097152"
    "memorysetup-profiler-bucket-allocator-granularity=16"
    "memorysetup-profiler-bucket-allocator-bucket-count=8"
    "memorysetup-profiler-bucket-allocator-block-size=33554432"
    "memorysetup-profiler-bucket-allocator-block-count=8"
    "memorysetup-profiler-allocator-block-size=16777216"
    "memorysetup-profiler-editor-allocator-block-size=1048576"
    "memorysetup-temp-allocator-size-main=16777216"
    "memorysetup-job-temp-allocator-block-size=2097152"
    "memorysetup-job-temp-allocator-block-size-background=1048576"
    "memorysetup-job-temp-allocator-reduction-small-platforms=262144"
    "memorysetup-allocator-temp-initial-block-size-main=262144"
    "memorysetup-allocator-temp-initial-block-size-worker=262144"
    "memorysetup-temp-allocator-size-background-worker=32768"
    "memorysetup-temp-allocator-size-job-worker=262144"
    "memorysetup-temp-allocator-size-preload-manager=33554432"
    "memorysetup-temp-allocator-size-nav-mesh-worker=65536"
    "memorysetup-temp-allocator-size-audio-worker=65536"
    "memorysetup-temp-allocator-size-cloud-worker=32768"
    "memorysetup-temp-allocator-size-gi-baking-worker=262144"
    "memorysetup-temp-allocator-size-gfx=262144"
Player connection [7356] Host "[IP] 172.30.1.2 [Port] 0 [Flags] 2 [Guid] 2087007131 [EditorId] 2087007131 [Version] 1048832 [Id] WindowsEditor(7,DESKTOP-HLT1SLF) [Debug] 1 [PackageName] WindowsEditor [ProjectName] Editor" joined multi-casting on [225.0.0.222:54997]...

Player connection [7356] Host "[IP] 172.30.1.2 [Port] 0 [Flags] 2 [Guid] 2087007131 [EditorId] 2087007131 [Version] 1048832 [Id] WindowsEditor(7,DESKTOP-HLT1SLF) [Debug] 1 [PackageName] WindowsEditor [ProjectName] Editor" joined alternative multi-casting on [225.0.0.222:34997]...

[Physics::Module] Initialized MultithreadedJobDispatcher with 11 workers.
Refreshing native plugins compatible for Editor in 22.96 ms, found 3 plugins.
Preloading 0 native plugins for Editor in 0.00 ms.
Initialize engine version: 2022.3.13f1 (5f90a5ebde0f)
[Subsystems] Discovering subsystems at path C:/Program Files/Unity/Hub/Editor/2022.3.13f1/Editor/Data/Resources/UnitySubsystems
[Subsystems] Discovering subsystems at path C:/Users/yeowo/Desktop/Unity Play/Unity Tutorial/Assets
GfxDevice: creating device client; threaded=0; jobified=0
Direct3D:
    Version:  Direct3D 11.0 [level 11.1]
    Renderer: NVIDIA GeForce RTX 3060 Ti (ID=0x24c9)
    Vendor:   NVIDIA
    VRAM:     8038 MB
    Driver:   31.0.15.3623
Initialize mono
Mono path[0] = 'C:/Program Files/Unity/Hub/Editor/2022.3.13f1/Editor/Data/Managed'
Mono path[1] = 'C:/Program Files/Unity/Hub/Editor/2022.3.13f1/Editor/Data/MonoBleedingEdge/lib/mono/unityjit-win32'
Mono config path = 'C:/Program Files/Unity/Hub/Editor/2022.3.13f1/Editor/Data/MonoBleedingEdge/etc'
Using monoOptions --debugger-agent=transport=dt_socket,embedding=1,server=y,suspend=n,address=127.0.0.1:56752
Begin MonoManager ReloadAssembly
Registering precompiled unity dll's ...
Register platform support module: C:/Program Files/Unity/Hub/Editor/2022.3.13f1/Editor/Data/PlaybackEngines/AndroidPlayer/UnityEditor.Android.Extensions.dll
Register platform support module: C:/Program Files/Unity/Hub/Editor/2022.3.13f1/Editor/Data/PlaybackEngines/WindowsStandaloneSupport/UnityEditor.WindowsStandalone.Extensions.dll
Registered in 0.045179 seconds.
- Loaded All Assemblies, in  0.542 seconds
Native extension for WindowsStandalone target not found
Native extension for Android target not found
Android Extension - Scanning For ADB Devices 328 ms
Mono: successfully reloaded assembly
- Finished resetting the current domain, in  0.630 seconds
Domain Reload Profiling: 1163ms
	BeginReloadAssembly (190ms)
		ExecutionOrderSort (0ms)
		DisableScriptedObjects (0ms)
		BackupInstance (0ms)
		ReleaseScriptingObjects (0ms)
		CreateAndSetChildDomain (1ms)
	RebuildCommonClasses (40ms)
	RebuildNativeTypeToScriptingClass (10ms)
	initialDomainReloadingComplete (125ms)
	LoadAllAssembliesAndSetupDomain (168ms)
		LoadAssemblies (181ms)
		RebuildTransferFunctionScriptingTraits (0ms)
		AnalyzeDomain (165ms)
			TypeCache.Refresh (163ms)
				TypeCache.ScanAssembly (149ms)
			ScanForSourceGeneratedMonoScriptInfo (0ms)
			ResolveRequiredComponents (0ms)
	FinalizeReload (631ms)
		ReleaseScriptCaches (0ms)
		RebuildScriptCaches (0ms)
		SetupLoadedEditorAssemblies (580ms)
			LogAssemblyErrors (0ms)
			InitializePlatformSupportModulesInManaged (439ms)
			SetLoadedEditorAssemblies (3ms)
			RefreshPlugins (0ms)
			BeforeProcessingInitializeOnLoad (2ms)
			ProcessInitializeOnLoadAttributes (87ms)
			ProcessInitializeOnLoadMethodAttributes (50ms)
			AfterProcessingInitializeOnLoad (0ms)
			EditorAssembliesLoaded (0ms)
		ExecutionOrderSort2 (0ms)
		AwakeInstancesAfterBackupRestoration (0ms)
========================================================================
Worker process is ready to serve import requests
Begin MonoManager ReloadAssembly
- Loaded All Assemblies, in  0.893 seconds
Refreshing native plugins compatible for Editor in 10.73 ms, found 3 plugins.
Native extension for WindowsStandalone target not found
Native extension for Android target not found
Package Manager log level set to [2]
[Package Manager] Server::EnsureServerProcessIsRunning -- launch failed, reason: Unity was launched with the -noUpm command-line argument
[Package Manager] UpmClient::Send -- Unable to send message (not connected to UPM process).
[Package Manager] Cannot connect to Unity Package Manager local server
Mono: successfully reloaded assembly
- Finished resetting the current domain, in  0.575 seconds
Domain Reload Profiling: 1454ms
	BeginReloadAssembly (206ms)
		ExecutionOrderSort (0ms)
		DisableScriptedObjects (5ms)
		BackupInstance (0ms)
		ReleaseScriptingObjects (0ms)
		CreateAndSetChildDomain (22ms)
	RebuildCommonClasses (56ms)
	RebuildNativeTypeToScriptingClass (9ms)
	initialDomainReloadingComplete (67ms)
	LoadAllAssembliesAndSetupDomain (540ms)
		LoadAssemblies (514ms)
		RebuildTransferFunctionScriptingTraits (0ms)
		AnalyzeDomain (170ms)
			TypeCache.Refresh (152ms)
				TypeCache.ScanAssembly (138ms)
			ScanForSourceGeneratedMonoScriptInfo (13ms)
			ResolveRequiredComponents (3ms)
	FinalizeReload (576ms)
		ReleaseScriptCaches (0ms)
		RebuildScriptCaches (0ms)
		SetupLoadedEditorAssemblies (440ms)
			LogAssemblyErrors (0ms)
			InitializePlatformSupportModulesInManaged (39ms)
			SetLoadedEditorAssemblies (4ms)
			RefreshPlugins (0ms)
			BeforeProcessingInitializeOnLoad (96ms)
			ProcessInitializeOnLoadAttributes (248ms)
			ProcessInitializeOnLoadMethodAttributes (21ms)
			AfterProcessingInitializeOnLoad (32ms)
			EditorAssembliesLoaded (0ms)
		ExecutionOrderSort2 (0ms)
		AwakeInstancesAfterBackupRestoration (14ms)
Launched and connected shader compiler UnityShaderCompiler.exe after 0.05 seconds
Refreshing native plugins compatible for Editor in 15.41 ms, found 3 plugins.
Preloading 0 native plugins for Editor in 0.00 ms.
Unloading 3085 Unused Serialized files (Serialized files now loaded: 0)
Unloading 32 unused Assets / (56.7 KB). Loaded Objects now: 3549.
Memory consumption went from 127.3 MB to 127.2 MB.
Total: 2.737100 ms (FindLiveObjects: 0.224000 ms CreateObjectMapping: 0.135400 ms MarkObjects: 2.290900 ms  DeleteObjects: 0.085800 ms)

AssetImportParameters requested are different than current active one (requested -> active):
  custom:container-demuxer-ogg: 62fdf1f143b41e24485cea50d1cbac27 -> 
  custom:video-decoder-ogg-theora: a1e56fd34408186e4bbccfd4996cb3dc -> 
  custom:framework-win-MediaFoundation: 216162199b28c13a410421893ffa2e32 -> 
  custom:CustomObjectIndexerAttribute: 756ad292c208cfabdd7b50bc23989ffe -> 
  custom:container-demuxer-webm: 4f35f7cbe854078d1ac9338744f61a02 -> 
  custom:container-muxer-webm: aa71ff27fc2769a1b78a27578f13a17b -> 
  custom:video-decoder-webm-vp8: 9c59270c3fd7afecdb556c50c9e8de78 -> 
  custom:SearchIndexIgnoredProperties: e643bd26f0fe6173181afceb89e7c659 -> 
  custom:AudioImporter_EditorPlatform: d09bf68614088b80899f8185d706f6e7 -> 
  custom:video-encoder-webm-vp8: eb34c28f22e8b96e1ab97ce403110664 -> 
  custom:audio-decoder-ogg-vorbis: bf7c407c2cedff20999df2af8eb42d56 -> 
  custom:audio-encoder-webm-vorbis: bf7c407c2cedff20999df2af8eb42d56 -> 
========================================================================
Received Import Request.
  Time since last request: 51632.741726 seconds.
  path: Assets/Sport Car - 3D model/Prefabs/SportCar.prefab
  artifactKey: Guid(f8b49f9d229541d43b30476c740c2477) Importer(815301076,1909f56bfc062723c751e8b465ee728b)
Start importing Assets/Sport Car - 3D model/Prefabs/SportCar.prefab using Guid(f8b49f9d229541d43b30476c740c2477) Importer(815301076,1909f56bfc062723c751e8b465ee728b)  -> (artifact id: '62fdd9c498646b2388fd3ed0d9a278c2') in 0.648922 seconds
Number of updated asset objects reloaded before import = 0
Number of asset objects unloaded after import = 263
========================================================================
Received Import Request.
  Time since last request: 36.771116 seconds.
  path: Assets/Sport Car - 3D model/Prefabs/SportCar.prefab
  artifactKey: Guid(f8b49f9d229541d43b30476c740c2477) Importer(815301076,1909f56bfc062723c751e8b465ee728b)
Start importing Assets/Sport Car - 3D model/Prefabs/SportCar.prefab using Guid(f8b49f9d229541d43b30476c740c2477) Importer(815301076,1909f56bfc062723c751e8b465ee728b)  -> (artifact id: 'b6723e552fe94b6a1f826c9f1db47709') in 0.042545 seconds
Number of updated asset objects reloaded before import = 0
Number of asset objects unloaded after import = 263
========================================================================
Received Import Request.
  Time since last request: 253.886346 seconds.
  path: Assets/Scenes/Game.unity
  artifactKey: Guid(9fc0d4010bbf28b4594072e72b8655ab) Importer(2089858483,0ecaa5967403d082aa24f35e1b516d23)
Start importing Assets/Scenes/Game.unity using Guid(9fc0d4010bbf28b4594072e72b8655ab) Importer(2089858483,0ecaa5967403d082aa24f35e1b516d23) Generated GUIDs only implemented for interfaces!
 -> (artifact id: 'edb116c467a304d578d98c7a7ed8f361') in 0.073153 seconds
Number of updated asset objects reloaded before import = 0
Number of asset objects unloaded after import = 1
========================================================================
Received Import Request.
  Time since last request: 0.000011 seconds.
  path: Assets/Sport Car - 3D model/Prefabs/Materials/None__RightIndicator_png.mat
  artifactKey: Guid(cfde428416f760a45a074dd94a83989c) Importer(2089858483,0ecaa5967403d082aa24f35e1b516d23)
Start importing Assets/Sport Car - 3D model/Prefabs/Materials/None__RightIndicator_png.mat using Guid(cfde428416f760a45a074dd94a83989c) Importer(2089858483,0ecaa5967403d082aa24f35e1b516d23) Generated GUIDs only implemented for interfaces!
 -> (artifact id: 'b3bcc82833f5301a960e17dc793f3123') in 0.029121 seconds
Number of updated asset objects reloaded before import = 0
Number of asset objects unloaded after import = 1
========================================================================
Received Import Request.
  Time since last request: 0.000010 seconds.
  path: Assets/Sport Car - 3D model/Materials/Textures/LicensePlate.png
  artifactKey: Guid(6bba49cadfb557244bc838c65f81e3c5) Importer(2089858483,0ecaa5967403d082aa24f35e1b516d23)
Start importing Assets/Sport Car - 3D model/Materials/Textures/LicensePlate.png using Guid(6bba49cadfb557244bc838c65f81e3c5) Importer(2089858483,0ecaa5967403d082aa24f35e1b516d23) Generated GUIDs only implemented for interfaces!
 -> (artifact id: '68021eb607cd53f3dbd2706da8267f16') in 0.072521 seconds
Number of updated asset objects reloaded before import = 0
Number of asset objects unloaded after import = 1
========================================================================
Received Import Request.
  Time since last request: 0.000012 seconds.
  path: Assets/Sport Car - 3D model/Materials/Parts.mat
  artifactKey: Guid(9c5d686dc1065fa4fb07bb91a28baa25) Importer(2089858483,0ecaa5967403d082aa24f35e1b516d23)
Start importing Assets/Sport Car - 3D model/Materials/Parts.mat using Guid(9c5d686dc1065fa4fb07bb91a28baa25) Importer(2089858483,0ecaa5967403d082aa24f35e1b516d23) Generated GUIDs only implemented for interfaces!
 -> (artifact id: '0980f78b083a55d1664c19235e3a7702') in 0.008770 seconds
Number of updated asset objects reloaded before import = 0
Number of asset objects unloaded after import = 2
========================================================================
Received Import Request.
  Time since last request: 0.000022 seconds.
  path: Assets/Sport Car - 3D model/Flares/TailFlare.flare
  artifactKey: Guid(d45117cf39f910b40b9b912440e5f10c) Importer(2089858483,0ecaa5967403d082aa24f35e1b516d23)
Start importing Assets/Sport Car - 3D model/Flares/TailFlare.flare using Guid(d45117cf39f910b40b9b912440e5f10c) Importer(2089858483,0ecaa5967403d082aa24f35e1b516d23) Generated GUIDs only implemented for interfaces!
 -> (artifact id: 'b1546f48fac27c5562ba9d0759988678') in 0.005134 seconds
Number of updated asset objects reloaded before import = 0
Number of asset objects unloaded after import = 2
========================================================================
Received Import Request.
  Time since last request: 0.000009 seconds.
  path: Assets/Sport Car - 3D model/Prefabs/Materials/Disks.mat
  artifactKey: Guid(85475de37f54ea34e9327efae4259cc4) Importer(2089858483,0ecaa5967403d082aa24f35e1b516d23)
Start importing Assets/Sport Car - 3D model/Prefabs/Materials/Disks.mat using Guid(85475de37f54ea34e9327efae4259cc4) Importer(2089858483,0ecaa5967403d082aa24f35e1b516d23) Generated GUIDs only implemented for interfaces!
 -> (artifact id: 'db25c75719fc0ad80b7b1ec5dc5f0ccc') in 0.005597 seconds
Number of updated asset objects reloaded before import = 0
Number of asset objects unloaded after import = 1
========================================================================
Received Import Request.
  Time since last request: 0.000018 seconds.
  path: Assets/Sport Car - 3D model/Prefabs/Materials/RightIndicator.mat
  artifactKey: Guid(31cf01ad5354b014eafd59b424ebbbaa) Importer(2089858483,0ecaa5967403d082aa24f35e1b516d23)
Start importing Assets/Sport Car - 3D model/Prefabs/Materials/RightIndicator.mat using Guid(31cf01ad5354b014eafd59b424ebbbaa) Importer(2089858483,0ecaa5967403d082aa24f35e1b516d23) Generated GUIDs only implemented for interfaces!
 -> (artifact id: '0237a58d998b576d44c52467cfaa8abe') in 0.005853 seconds
Number of updated asset objects reloaded before import = 0
Number of asset objects unloaded after import = 1
========================================================================
Received Import Request.
  Time since last request: 0.000010 seconds.
  path: Assets/Sport Car - 3D model/Materials/Wheel_Mats/Disks.mat
  artifactKey: Guid(d5fb4d8c3b2addf44a566f06452f3df5) Importer(2089858483,0ecaa5967403d082aa24f35e1b516d23)
Start importing Assets/Sport Car - 3D model/Materials/Wheel_Mats/Disks.mat using Guid(d5fb4d8c3b2addf44a566f06452f3df5) Importer(2089858483,0ecaa5967403d082aa24f35e1b516d23) Generated GUIDs only implemented for interfaces!
 -> (artifact id: '8dc8415b5e604daa239d537aa3db27af') in 0.006823 seconds
Number of updated asset objects reloaded before import = 0
Number of asset objects unloaded after import = 1
========================================================================
Received Import Request.
  Time since last request: 0.000137 seconds.
  path: Assets/Sport Car - 3D model/Materials/Textures/Ligths.png
  artifactKey: Guid(64c32dd49bb218a41968afbc740db723) Importer(2089858483,0ecaa5967403d082aa24f35e1b516d23)
Start importing Assets/Sport Car - 3D model/Materials/Textures/Ligths.png using Guid(64c32dd49bb218a41968afbc740db723) Importer(2089858483,0ecaa5967403d082aa24f35e1b516d23) Generated GUIDs only implemented for interfaces!
 -> (artifact id: 'b7f857b5344038ab9240371fbe4ff908') in 0.045638 seconds
Number of updated asset objects reloaded before import = 0
Number of asset objects unloaded after import = 1
========================================================================
Received Import Request.
  Time since last request: 0.000011 seconds.
  path: Assets/Sport Car - 3D model/Prefabs/Materials/None__Parts_png.mat
  artifactKey: Guid(49e7149b835838b49b0a48e1912a9201) Importer(2089858483,0ecaa5967403d082aa24f35e1b516d23)
Start importing Assets/Sport Car - 3D model/Prefabs/Materials/None__Parts_png.mat using Guid(49e7149b835838b49b0a48e1912a9201) Importer(2089858483,0ecaa5967403d082aa24f35e1b516d23) Generated GUIDs only implemented for interfaces!
 -> (artifact id: 'c77d475f6a6686428f8270dcb415f3f6') in 0.005627 seconds
Number of updated asset objects reloaded before import = 0
Number of asset objects unloaded after import = 1
========================================================================
Received Import Request.
  Time since last request: 0.000072 seconds.
  path: Assets/Sport Car - 3D model/Materials/Lights/ReflectorLights.mat
  artifactKey: Guid(5769b7559d6cba849bb17ba4e3e1fb01) Importer(2089858483,0ecaa5967403d082aa24f35e1b516d23)
Start importing Assets/Sport Car - 3D model/Materials/Lights/ReflectorLights.mat using Guid(5769b7559d6cba849bb17ba4e3e1fb01) Importer(2089858483,0ecaa5967403d082aa24f35e1b516d23) Generated GUIDs only implemented for interfaces!
 -> (artifact id: 'dcf6b89c71eae1cd9b23062c7c545c40') in 0.007250 seconds
Number of updated asset objects reloaded before import = 0
Number of asset objects unloaded after import = 1
========================================================================
Received Import Request.
  Time since last request: 0.000013 seconds.
  path: Assets/Sport Car - 3D model/Materials/Wheel_Mats/NormalMap.png
  artifactKey: Guid(d4f120d3fed61a64fa269e1fdc785ca9) Importer(2089858483,0ecaa5967403d082aa24f35e1b516d23)
Start importing Assets/Sport Car - 3D model/Materials/Wheel_Mats/NormalMap.png using Guid(d4f120d3fed61a64fa269e1fdc785ca9) Importer(2089858483,0ecaa5967403d082aa24f35e1b516d23) Generated GUIDs only implemented for interfaces!
 -> (artifact id: '8217f8a2339e0ba4c2da8fc128a3e840') in 0.044668 seconds
Number of updated asset objects reloaded before import = 0
Number of asset objects unloaded after import = 1
========================================================================
Received Import Request.
  Time since last request: 0.000013 seconds.
  path: Assets/Sport Car - 3D model/Flares/Textures/IndicatorFlare.png
  artifactKey: Guid(15b8b77ac1be56f4bb3084151aab9025) Importer(2089858483,0ecaa5967403d082aa24f35e1b516d23)
Start importing Assets/Sport Car - 3D model/Flares/Textures/IndicatorFlare.png using Guid(15b8b77ac1be56f4bb3084151aab9025) Importer(2089858483,0ecaa5967403d082aa24f35e1b516d23) Generated GUIDs only implemented for interfaces!
 -> (artifact id: '94f10c05a6ad9812c971bed47f4981ce') in 0.045859 seconds
Number of updated asset objects reloaded before import = 0
Number of asset objects unloaded after import = 1
========================================================================
Received Import Request.
  Time since last request: 0.000010 seconds.
  path: Assets/Sport Car - 3D model/Flares/FrontFlare.flare
  artifactKey: Guid(eb7f2fdf6cf18496a8300de97efb5eac) Importer(2089858483,0ecaa5967403d082aa24f35e1b516d23)
Start importing Assets/Sport Car - 3D model/Flares/FrontFlare.flare using Guid(eb7f2fdf6cf18496a8300de97efb5eac) Importer(2089858483,0ecaa5967403d082aa24f35e1b516d23) Generated GUIDs only implemented for interfaces!
 -> (artifact id: '967eaa535fe5d3673b57fb419895c202') in 0.006427 seconds
Number of updated asset objects reloaded before import = 0
Number of asset objects unloaded after import = 2
========================================================================
Received Import Request.
  Time since last request: 0.000012 seconds.
  path: Assets/Sport Car - 3D model/Prefabs/Materials/FrontLights.mat
  artifactKey: Guid(f9db3d7b2f96c1643a1167e97b30cf99) Importer(2089858483,0ecaa5967403d082aa24f35e1b516d23)
Start importing Assets/Sport Car - 3D model/Prefabs/Materials/FrontLights.mat using Guid(f9db3d7b2f96c1643a1167e97b30cf99) Importer(2089858483,0ecaa5967403d082aa24f35e1b516d23) Generated GUIDs only implemented for interfaces!
 -> (artifact id: '3e2b4e19da79b731b3900ab28bf5319a') in 0.007738 seconds
Number of updated asset objects reloaded before import = 0
Number of asset objects unloaded after import = 1
========================================================================
Received Import Request.
  Time since last request: 0.000011 seconds.
  path: Assets/Sport Car - 3D model/Materials/LicensePlate.mat
  artifactKey: Guid(078475740c4d20041b941448ab7ae4d2) Importer(2089858483,0ecaa5967403d082aa24f35e1b516d23)
Start importing Assets/Sport Car - 3D model/Materials/LicensePlate.mat using Guid(078475740c4d20041b941448ab7ae4d2) Importer(2089858483,0ecaa5967403d082aa24f35e1b516d23) Generated GUIDs only implemented for interfaces!
 -> (artifact id: 'e67d7f02b86c375d6145269740f9420a') in 0.007385 seconds
Number of updated asset objects reloaded before import = 0
Number of asset objects unloaded after import = 2
========================================================================
Received Import Request.
  Time since last request: 0.000014 seconds.
  path: Assets/Sport Car - 3D model/Prefabs/Materials/ReverseLights.mat
  artifactKey: Guid(5831cb7414688b548b4385667f9837f4) Importer(2089858483,0ecaa5967403d082aa24f35e1b516d23)
Start importing Assets/Sport Car - 3D model/Prefabs/Materials/ReverseLights.mat using Guid(5831cb7414688b548b4385667f9837f4) Importer(2089858483,0ecaa5967403d082aa24f35e1b516d23) Generated GUIDs only implemented for interfaces!
 -> (artifact id: 'd55a882f114bef4544960a754d76efc8') in 0.007869 seconds
Number of updated asset objects reloaded before import = 0
Number of asset objects unloaded after import = 1
========================================================================
Received Import Request.
  Time since last request: 0.000013 seconds.
  path: Assets/Sport Car - 3D model/Materials/Lights/ReverseLight.mat
  artifactKey: Guid(0a5d78c3e1415ac40a0e25976aaae858) Importer(2089858483,0ecaa5967403d082aa24f35e1b516d23)
Start importing Assets/Sport Car - 3D model/Materials/Lights/ReverseLight.mat using Guid(0a5d78c3e1415ac40a0e25976aaae858) Importer(2089858483,0ecaa5967403d082aa24f35e1b516d23) Generated GUIDs only implemented for interfaces!
 -> (artifact id: '2ddc92966ba2f292c56b6165ec3cd023') in 0.006832 seconds
Number of updated asset objects reloaded before import = 0
Number of asset objects unloaded after import = 1
========================================================================
Received Import Request.
  Time since last request: 0.000020 seconds.
  path: Assets/Sport Car - 3D model/Flares/Textures/BrakeFlare.png
  artifactKey: Guid(279ed92b79d278e47b75f6106ba9478d) Importer(2089858483,0ecaa5967403d082aa24f35e1b516d23)
Start importing Assets/Sport Car - 3D model/Flares/Textures/BrakeFlare.png using Guid(279ed92b79d278e47b75f6106ba9478d) Importer(2089858483,0ecaa5967403d082aa24f35e1b516d23) Generated GUIDs only implemented for interfaces!
 -> (artifact id: '8e99d966a0e17abf57d25e9834ba4aea') in 0.047712 seconds
Number of updated asset objects reloaded before import = 0
Number of asset objects unloaded after import = 1
========================================================================
Received Import Request.
  Time since last request: 0.000013 seconds.
  path: Assets/Sport Car - 3D model/Materials/Glass2.mat
  artifactKey: Guid(2bbe2230876d7fc40911816305867c00) Importer(2089858483,0ecaa5967403d082aa24f35e1b516d23)
Start importing Assets/Sport Car - 3D model/Materials/Glass2.mat using Guid(2bbe2230876d7fc40911816305867c00) Importer(2089858483,0ecaa5967403d082aa24f35e1b516d23) Generated GUIDs only implemented for interfaces!
 -> (artifact id: 'd02f5c75c99a6f451a68347eef07e0a1') in 0.006910 seconds
Number of updated asset objects reloaded before import = 0
Number of asset objects unloaded after import = 1
========================================================================
Received Import Request.
  Time since last request: 0.000015 seconds.
  path: Assets/Sport Car - 3D model/Materials/Lights/LeftIndicator.mat
  artifactKey: Guid(ca15278988a972e498139a4b1b6b8ce9) Importer(2089858483,0ecaa5967403d082aa24f35e1b516d23)
Start importing Assets/Sport Car - 3D model/Materials/Lights/LeftIndicator.mat using Guid(ca15278988a972e498139a4b1b6b8ce9) Importer(2089858483,0ecaa5967403d082aa24f35e1b516d23) Generated GUIDs only implemented for interfaces!
 -> (artifact id: 'd411bcdb029c885c293322acc685b6e4') in 0.007339 seconds
Number of updated asset objects reloaded before import = 0
Number of asset objects unloaded after import = 1
========================================================================
Received Import Request.
  Time since last request: 0.000010 seconds.
  path: Assets/Sport Car - 3D model/Materials/Glass1.mat
  artifactKey: Guid(241705424653d264487f695eba711689) Importer(2089858483,0ecaa5967403d082aa24f35e1b516d23)
Start importing Assets/Sport Car - 3D model/Materials/Glass1.mat using Guid(241705424653d264487f695eba711689) Importer(2089858483,0ecaa5967403d082aa24f35e1b516d23) Generated GUIDs only implemented for interfaces!
 -> (artifact id: '9d57acff2e5244981f5dc51347619d02') in 0.006878 seconds
Number of updated asset objects reloaded before import = 0
Number of asset objects unloaded after import = 1
========================================================================
Received Import Request.
  Time since last request: 0.000010 seconds.
  path: Assets/Sport Car - 3D model/Materials/Color.mat
  artifactKey: Guid(aa36da9c6fc253a4881ea53707a543da) Importer(2089858483,0ecaa5967403d082aa24f35e1b516d23)
Start importing Assets/Sport Car - 3D model/Materials/Color.mat using Guid(aa36da9c6fc253a4881ea53707a543da) Importer(2089858483,0ecaa5967403d082aa24f35e1b516d23) Generated GUIDs only implemented for interfaces!
 -> (artifact id: '18a47794a639b7b04563a8c0280079ab') in 0.006990 seconds
Number of updated asset objects reloaded before import = 0
Number of asset objects unloaded after import = 1
========================================================================
Received Import Request.
  Time since last request: 0.000013 seconds.
  path: Assets/Sport Car - 3D model/Materials/Textures/Parts.png
  artifactKey: Guid(9a2fb23107c534e42bdbd4e795ae6e95) Importer(2089858483,0ecaa5967403d082aa24f35e1b516d23)
Start importing Assets/Sport Car - 3D model/Materials/Textures/Parts.png using Guid(9a2fb23107c534e42bdbd4e795ae6e95) Importer(2089858483,0ecaa5967403d082aa24f35e1b516d23) Generated GUIDs only implemented for interfaces!
 -> (artifact id: 'a9a2d9ee411bd547c37fcf81c09a93e9') in 0.045635 seconds
Number of updated asset objects reloaded before import = 0
Number of asset objects unloaded after import = 1
========================================================================
Received Import Request.
  Time since last request: 0.000011 seconds.
  path: Assets/Sport Car - 3D model/Materials/Textures/Tire.jpg
  artifactKey: Guid(567b2b0bdca69e942a4d050fe806fd74) Importer(2089858483,0ecaa5967403d082aa24f35e1b516d23)
Start importing Assets/Sport Car - 3D model/Materials/Textures/Tire.jpg using Guid(567b2b0bdca69e942a4d050fe806fd74) Importer(2089858483,0ecaa5967403d082aa24f35e1b516d23) Generated GUIDs only implemented for interfaces!
 -> (artifact id: 'ef0db3b94124f6c8652f5ec2a7a814b8') in 0.046177 seconds
Number of updated asset objects reloaded before import = 0
Number of asset objects unloaded after import = 1
