Using pre-set license
Built from '2022.3/staging' branch; Version is '2022.3.13f1 (5f90a5ebde0f) revision 6262949'; Using compiler version '192829333'; Build Type 'Release'
OS: 'Windows 10  (10.0.19045) 64bit Professional' Language: 'ko' Physical Memory: 32693 MB
BatchMode: 1, IsHumanControllingUs: 0, StartBugReporterOnCrash: 0, Is64bit: 1, IsPro: 1

COMMAND LINE ARGUMENTS:
C:\Program Files\Unity\Hub\Editor\2022.3.13f1\Editor\Unity.exe
-adb2
-batchMode
-noUpm
-name
AssetImportWorker1
-projectPath
C:/Users/yeowo/Desktop/Unity Play/Unity Tutorial
-logFile
Logs/AssetImportWorker1.log
-srvPort
10831
Successfully changed project path to: C:/Users/yeowo/Desktop/Unity Play/Unity Tutorial
C:/Users/yeowo/Desktop/Unity Play/Unity Tutorial
[UnityMemory] Configuration Parameters - Can be set up in boot.config
    "memorysetup-bucket-allocator-granularity=16"
    "memorysetup-bucket-allocator-bucket-count=8"
    "memorysetup-bucket-allocator-block-size=33554432"
    "memorysetup-bucket-allocator-block-count=8"
    "memorysetup-main-allocator-block-size=16777216"
    "memorysetup-thread-allocator-block-size=16777216"
    "memorysetup-gfx-main-allocator-block-size=16777216"
    "memorysetup-gfx-thread-allocator-block-size=16777216"
    "memorysetup-cache-allocator-block-size=4194304"
    "memorysetup-typetree-allocator-block-size=2097152"
    "memorysetup-profiler-bucket-allocator-granularity=16"
    "memorysetup-profiler-bucket-allocator-bucket-count=8"
    "memorysetup-profiler-bucket-allocator-block-size=33554432"
    "memorysetup-profiler-bucket-allocator-block-count=8"
    "memorysetup-profiler-allocator-block-size=16777216"
    "memorysetup-profiler-editor-allocator-block-size=1048576"
    "memorysetup-temp-allocator-size-main=16777216"
    "memorysetup-job-temp-allocator-block-size=2097152"
    "memorysetup-job-temp-allocator-block-size-background=1048576"
    "memorysetup-job-temp-allocator-reduction-small-platforms=262144"
    "memorysetup-allocator-temp-initial-block-size-main=262144"
    "memorysetup-allocator-temp-initial-block-size-worker=262144"
    "memorysetup-temp-allocator-size-background-worker=32768"
    "memorysetup-temp-allocator-size-job-worker=262144"
    "memorysetup-temp-allocator-size-preload-manager=33554432"
    "memorysetup-temp-allocator-size-nav-mesh-worker=65536"
    "memorysetup-temp-allocator-size-audio-worker=65536"
    "memorysetup-temp-allocator-size-cloud-worker=32768"
    "memorysetup-temp-allocator-size-gi-baking-worker=262144"
    "memorysetup-temp-allocator-size-gfx=262144"
Player connection [4380] Host "[IP] 172.30.1.2 [Port] 0 [Flags] 2 [Guid] 3460504704 [EditorId] 3460504704 [Version] 1048832 [Id] WindowsEditor(7,DESKTOP-HLT1SLF) [Debug] 1 [PackageName] WindowsEditor [ProjectName] Editor" joined multi-casting on [225.0.0.222:54997]...

Player connection [4380] Host "[IP] 172.30.1.2 [Port] 0 [Flags] 2 [Guid] 3460504704 [EditorId] 3460504704 [Version] 1048832 [Id] WindowsEditor(7,DESKTOP-HLT1SLF) [Debug] 1 [PackageName] WindowsEditor [ProjectName] Editor" joined alternative multi-casting on [225.0.0.222:34997]...

[Physics::Module] Initialized MultithreadedJobDispatcher with 11 workers.
Refreshing native plugins compatible for Editor in 23.37 ms, found 3 plugins.
Preloading 0 native plugins for Editor in 0.00 ms.
Initialize engine version: 2022.3.13f1 (5f90a5ebde0f)
[Subsystems] Discovering subsystems at path C:/Program Files/Unity/Hub/Editor/2022.3.13f1/Editor/Data/Resources/UnitySubsystems
[Subsystems] Discovering subsystems at path C:/Users/yeowo/Desktop/Unity Play/Unity Tutorial/Assets
GfxDevice: creating device client; threaded=0; jobified=0
Direct3D:
    Version:  Direct3D 11.0 [level 11.1]
    Renderer: NVIDIA GeForce RTX 3060 Ti (ID=0x24c9)
    Vendor:   NVIDIA
    VRAM:     8038 MB
    Driver:   31.0.15.3623
Initialize mono
Mono path[0] = 'C:/Program Files/Unity/Hub/Editor/2022.3.13f1/Editor/Data/Managed'
Mono path[1] = 'C:/Program Files/Unity/Hub/Editor/2022.3.13f1/Editor/Data/MonoBleedingEdge/lib/mono/unityjit-win32'
Mono config path = 'C:/Program Files/Unity/Hub/Editor/2022.3.13f1/Editor/Data/MonoBleedingEdge/etc'
Using monoOptions --debugger-agent=transport=dt_socket,embedding=1,server=y,suspend=n,address=127.0.0.1:56168
Begin MonoManager ReloadAssembly
Registering precompiled unity dll's ...
Register platform support module: C:/Program Files/Unity/Hub/Editor/2022.3.13f1/Editor/Data/PlaybackEngines/AndroidPlayer/UnityEditor.Android.Extensions.dll
Register platform support module: C:/Program Files/Unity/Hub/Editor/2022.3.13f1/Editor/Data/PlaybackEngines/WindowsStandaloneSupport/UnityEditor.WindowsStandalone.Extensions.dll
Registered in 0.043530 seconds.
- Loaded All Assemblies, in  0.540 seconds
Native extension for WindowsStandalone target not found
Native extension for Android target not found
Android Extension - Scanning For ADB Devices 326 ms
Mono: successfully reloaded assembly
- Finished resetting the current domain, in  0.632 seconds
Domain Reload Profiling: 1162ms
	BeginReloadAssembly (188ms)
		ExecutionOrderSort (0ms)
		DisableScriptedObjects (0ms)
		BackupInstance (0ms)
		ReleaseScriptingObjects (0ms)
		CreateAndSetChildDomain (1ms)
	RebuildCommonClasses (39ms)
	RebuildNativeTypeToScriptingClass (12ms)
	initialDomainReloadingComplete (124ms)
	LoadAllAssembliesAndSetupDomain (168ms)
		LoadAssemblies (180ms)
		RebuildTransferFunctionScriptingTraits (0ms)
		AnalyzeDomain (163ms)
			TypeCache.Refresh (162ms)
				TypeCache.ScanAssembly (149ms)
			ScanForSourceGeneratedMonoScriptInfo (0ms)
			ResolveRequiredComponents (0ms)
	FinalizeReload (632ms)
		ReleaseScriptCaches (0ms)
		RebuildScriptCaches (0ms)
		SetupLoadedEditorAssemblies (583ms)
			LogAssemblyErrors (0ms)
			InitializePlatformSupportModulesInManaged (439ms)
			SetLoadedEditorAssemblies (4ms)
			RefreshPlugins (0ms)
			BeforeProcessingInitializeOnLoad (2ms)
			ProcessInitializeOnLoadAttributes (89ms)
			ProcessInitializeOnLoadMethodAttributes (48ms)
			AfterProcessingInitializeOnLoad (0ms)
			EditorAssembliesLoaded (0ms)
		ExecutionOrderSort2 (0ms)
		AwakeInstancesAfterBackupRestoration (0ms)
========================================================================
Worker process is ready to serve import requests
Begin MonoManager ReloadAssembly
- Loaded All Assemblies, in  0.893 seconds
Refreshing native plugins compatible for Editor in 10.47 ms, found 3 plugins.
Native extension for WindowsStandalone target not found
Native extension for Android target not found
Package Manager log level set to [2]
[Package Manager] Server::EnsureServerProcessIsRunning -- launch failed, reason: Unity was launched with the -noUpm command-line argument
[Package Manager] UpmClient::Send -- Unable to send message (not connected to UPM process).
[Package Manager] Cannot connect to Unity Package Manager local server
Mono: successfully reloaded assembly
- Finished resetting the current domain, in  0.573 seconds
Domain Reload Profiling: 1451ms
	BeginReloadAssembly (206ms)
		ExecutionOrderSort (0ms)
		DisableScriptedObjects (5ms)
		BackupInstance (0ms)
		ReleaseScriptingObjects (0ms)
		CreateAndSetChildDomain (21ms)
	RebuildCommonClasses (56ms)
	RebuildNativeTypeToScriptingClass (10ms)
	initialDomainReloadingComplete (66ms)
	LoadAllAssembliesAndSetupDomain (540ms)
		LoadAssemblies (517ms)
		RebuildTransferFunctionScriptingTraits (0ms)
		AnalyzeDomain (169ms)
			TypeCache.Refresh (150ms)
				TypeCache.ScanAssembly (134ms)
			ScanForSourceGeneratedMonoScriptInfo (12ms)
			ResolveRequiredComponents (4ms)
	FinalizeReload (573ms)
		ReleaseScriptCaches (0ms)
		RebuildScriptCaches (0ms)
		SetupLoadedEditorAssemblies (438ms)
			LogAssemblyErrors (0ms)
			InitializePlatformSupportModulesInManaged (38ms)
			SetLoadedEditorAssemblies (4ms)
			RefreshPlugins (0ms)
			BeforeProcessingInitializeOnLoad (97ms)
			ProcessInitializeOnLoadAttributes (245ms)
			ProcessInitializeOnLoadMethodAttributes (21ms)
			AfterProcessingInitializeOnLoad (33ms)
			EditorAssembliesLoaded (0ms)
		ExecutionOrderSort2 (0ms)
		AwakeInstancesAfterBackupRestoration (14ms)
Launched and connected shader compiler UnityShaderCompiler.exe after 0.04 seconds
Refreshing native plugins compatible for Editor in 13.64 ms, found 3 plugins.
Preloading 0 native plugins for Editor in 0.00 ms.
Unloading 3085 Unused Serialized files (Serialized files now loaded: 0)
Unloading 32 unused Assets / (56.7 KB). Loaded Objects now: 3549.
Memory consumption went from 127.3 MB to 127.2 MB.
Total: 2.584400 ms (FindLiveObjects: 0.206900 ms CreateObjectMapping: 0.133600 ms MarkObjects: 2.163200 ms  DeleteObjects: 0.079600 ms)

AssetImportParameters requested are different than current active one (requested -> active):
  custom:container-demuxer-ogg: 62fdf1f143b41e24485cea50d1cbac27 -> 
  custom:video-decoder-ogg-theora: a1e56fd34408186e4bbccfd4996cb3dc -> 
  custom:framework-win-MediaFoundation: 216162199b28c13a410421893ffa2e32 -> 
  custom:CustomObjectIndexerAttribute: 756ad292c208cfabdd7b50bc23989ffe -> 
  custom:container-demuxer-webm: 4f35f7cbe854078d1ac9338744f61a02 -> 
  custom:container-muxer-webm: aa71ff27fc2769a1b78a27578f13a17b -> 
  custom:video-decoder-webm-vp8: 9c59270c3fd7afecdb556c50c9e8de78 -> 
  custom:SearchIndexIgnoredProperties: e643bd26f0fe6173181afceb89e7c659 -> 
  custom:AudioImporter_EditorPlatform: d09bf68614088b80899f8185d706f6e7 -> 
  custom:video-encoder-webm-vp8: eb34c28f22e8b96e1ab97ce403110664 -> 
  custom:audio-decoder-ogg-vorbis: bf7c407c2cedff20999df2af8eb42d56 -> 
  custom:audio-encoder-webm-vorbis: bf7c407c2cedff20999df2af8eb42d56 -> 
========================================================================
Received Import Request.
  Time since last request: 51632.744692 seconds.
  path: Assets/Sport Car - 3D model/Prefabs
  artifactKey: Guid(5322d1cdc3c11e4499d0a23bc2bb68f8) Importer(815301076,1909f56bfc062723c751e8b465ee728b)
Start importing Assets/Sport Car - 3D model/Prefabs using Guid(5322d1cdc3c11e4499d0a23bc2bb68f8) Importer(815301076,1909f56bfc062723c751e8b465ee728b)  -> (artifact id: 'd0305c9df34269422642fa98e0e30cbe') in 0.002089 seconds
Number of updated asset objects reloaded before import = 0
Number of asset objects unloaded after import = 0
========================================================================
Received Import Request.
  Time since last request: 0.000016 seconds.
  path: Assets/Sport Car - 3D model
  artifactKey: Guid(ed2e69040df6c114abd887b770f5ebe4) Importer(815301076,1909f56bfc062723c751e8b465ee728b)
Start importing Assets/Sport Car - 3D model using Guid(ed2e69040df6c114abd887b770f5ebe4) Importer(815301076,1909f56bfc062723c751e8b465ee728b)  -> (artifact id: 'b2ebd9d0f77b6ff39efca0b4bbc9c2de') in 0.000448 seconds
Number of updated asset objects reloaded before import = 0
Number of asset objects unloaded after import = 0
========================================================================
Received Import Request.
  Time since last request: 0.000019 seconds.
  path: Assets/Sport Car - 3D model/Prefabs/fbx.fbx
  artifactKey: Guid(9a91c5e887f917e419bfe9f63efe6056) Importer(815301076,1909f56bfc062723c751e8b465ee728b)
Start importing Assets/Sport Car - 3D model/Prefabs/fbx.fbx using Guid(9a91c5e887f917e419bfe9f63efe6056) Importer(815301076,1909f56bfc062723c751e8b465ee728b)  -> (artifact id: '44799f44de69c5120b7256f178621bf5') in 0.500797 seconds
Number of updated asset objects reloaded before import = 0
Number of asset objects unloaded after import = 126
========================================================================
Received Import Request.
  Time since last request: 290.843652 seconds.
  path: Assets/Sport Car - 3D model/Flares/BrakeFlare.flare
  artifactKey: Guid(b670c00bd68be014cb5779cb1aa13b4c) Importer(2089858483,0ecaa5967403d082aa24f35e1b516d23)
Start importing Assets/Sport Car - 3D model/Flares/BrakeFlare.flare using Guid(b670c00bd68be014cb5779cb1aa13b4c) Importer(2089858483,0ecaa5967403d082aa24f35e1b516d23) Generated GUIDs only implemented for interfaces!
 -> (artifact id: 'c9747367977166a5135f4883b1f89d8d') in 0.091608 seconds
Number of updated asset objects reloaded before import = 0
Number of asset objects unloaded after import = 2
========================================================================
Received Import Request.
  Time since last request: 0.000012 seconds.
  path: Assets/Sport Car - 3D model/Scripts/CameraScript.cs
  artifactKey: Guid(9bfe32aef832fe4458d9eb90a016babe) Importer(2089858483,0ecaa5967403d082aa24f35e1b516d23)
Start importing Assets/Sport Car - 3D model/Scripts/CameraScript.cs using Guid(9bfe32aef832fe4458d9eb90a016babe) Importer(2089858483,0ecaa5967403d082aa24f35e1b516d23) Generated GUIDs only implemented for interfaces!
 -> (artifact id: '0e7456588ee2d3884f790858992153c6') in 0.005759 seconds
Number of updated asset objects reloaded before import = 0
Number of asset objects unloaded after import = 1
========================================================================
Received Import Request.
  Time since last request: 0.000012 seconds.
  path: Assets/Sport Car - 3D model/Scripts/LightEffects.cs
  artifactKey: Guid(71a2b3939a0e91f4fbe29ecd1c4af43d) Importer(2089858483,0ecaa5967403d082aa24f35e1b516d23)
Start importing Assets/Sport Car - 3D model/Scripts/LightEffects.cs using Guid(71a2b3939a0e91f4fbe29ecd1c4af43d) Importer(2089858483,0ecaa5967403d082aa24f35e1b516d23) Generated GUIDs only implemented for interfaces!
 -> (artifact id: '5505efa36c696760e0aaf3d0e5322f5e') in 0.004150 seconds
Number of updated asset objects reloaded before import = 0
Number of asset objects unloaded after import = 1
========================================================================
Received Import Request.
  Time since last request: 0.000012 seconds.
  path: Assets/Sport Car - 3D model/Flares/Textures/FrontFlare.png
  artifactKey: Guid(3dcb18d5478a191418bd8c81a8c512b4) Importer(2089858483,0ecaa5967403d082aa24f35e1b516d23)
Start importing Assets/Sport Car - 3D model/Flares/Textures/FrontFlare.png using Guid(3dcb18d5478a191418bd8c81a8c512b4) Importer(2089858483,0ecaa5967403d082aa24f35e1b516d23) Generated GUIDs only implemented for interfaces!
 -> (artifact id: '3caa117dddc79761b2eafe05c47d8105') in 0.076706 seconds
Number of updated asset objects reloaded before import = 0
Number of asset objects unloaded after import = 1
========================================================================
Received Import Request.
  Time since last request: 0.000013 seconds.
  path: Assets/Sport Car - 3D model/Prefabs/Materials/Ligths.mat
  artifactKey: Guid(02e27ba17719ec941a2f7de36b4f374f) Importer(2089858483,0ecaa5967403d082aa24f35e1b516d23)
Start importing Assets/Sport Car - 3D model/Prefabs/Materials/Ligths.mat using Guid(02e27ba17719ec941a2f7de36b4f374f) Importer(2089858483,0ecaa5967403d082aa24f35e1b516d23) Generated GUIDs only implemented for interfaces!
 -> (artifact id: '91c43c28c0bcba7dcec1f075bbb9a6a1') in 0.008597 seconds
Number of updated asset objects reloaded before import = 0
Number of asset objects unloaded after import = 2
========================================================================
Received Import Request.
  Time since last request: 0.000010 seconds.
  path: Assets/Sport Car - 3D model/Materials/Wheel_Mats/AmbientOcclusionMap.png
  artifactKey: Guid(73eb8fab782f9f340b74493b735b6c0d) Importer(2089858483,0ecaa5967403d082aa24f35e1b516d23)
Start importing Assets/Sport Car - 3D model/Materials/Wheel_Mats/AmbientOcclusionMap.png using Guid(73eb8fab782f9f340b74493b735b6c0d) Importer(2089858483,0ecaa5967403d082aa24f35e1b516d23) Generated GUIDs only implemented for interfaces!
 -> (artifact id: '60eee2a374e634bf0add7272479be230') in 0.045861 seconds
Number of updated asset objects reloaded before import = 0
Number of asset objects unloaded after import = 1
========================================================================
Received Import Request.
  Time since last request: 0.000012 seconds.
  path: Assets/Sport Car - 3D model/Materials/Wheel_Mats/SpecularMap.png
  artifactKey: Guid(0aecbdf072f2f114ba4c7aeab1b3257f) Importer(2089858483,0ecaa5967403d082aa24f35e1b516d23)
Start importing Assets/Sport Car - 3D model/Materials/Wheel_Mats/SpecularMap.png using Guid(0aecbdf072f2f114ba4c7aeab1b3257f) Importer(2089858483,0ecaa5967403d082aa24f35e1b516d23) Generated GUIDs only implemented for interfaces!
 -> (artifact id: '0a65abf66df8646cc35ea33e6458527c') in 0.044500 seconds
Number of updated asset objects reloaded before import = 0
Number of asset objects unloaded after import = 1
========================================================================
Received Import Request.
  Time since last request: 0.000024 seconds.
  path: Assets/Sport Car - 3D model/Materials/Lights/FrontLights.mat
  artifactKey: Guid(e7c201546902c694084067c04832f71f) Importer(2089858483,0ecaa5967403d082aa24f35e1b516d23)
Start importing Assets/Sport Car - 3D model/Materials/Lights/FrontLights.mat using Guid(e7c201546902c694084067c04832f71f) Importer(2089858483,0ecaa5967403d082aa24f35e1b516d23) Generated GUIDs only implemented for interfaces!
 -> (artifact id: '8f9b6468068ff4a48ab8321c5bb78313') in 0.006579 seconds
Number of updated asset objects reloaded before import = 0
Number of asset objects unloaded after import = 1
========================================================================
Received Import Request.
  Time since last request: 0.000013 seconds.
  path: Assets/Sport Car - 3D model/Prefabs/Materials/LeftIndicator.mat
  artifactKey: Guid(79ffb99b833aba747acafb44adcd041c) Importer(2089858483,0ecaa5967403d082aa24f35e1b516d23)
Start importing Assets/Sport Car - 3D model/Prefabs/Materials/LeftIndicator.mat using Guid(79ffb99b833aba747acafb44adcd041c) Importer(2089858483,0ecaa5967403d082aa24f35e1b516d23) Generated GUIDs only implemented for interfaces!
 -> (artifact id: '203e8150d0dcce88db7eed44f301956a') in 0.006036 seconds
Number of updated asset objects reloaded before import = 0
Number of asset objects unloaded after import = 1
========================================================================
Received Import Request.
  Time since last request: 0.000010 seconds.
  path: Assets/Sport Car - 3D model/Materials/Wheel_Mats/DisplacementMap.png
  artifactKey: Guid(d27d380e8c37d09439699c5f603e1fdb) Importer(2089858483,0ecaa5967403d082aa24f35e1b516d23)
Start importing Assets/Sport Car - 3D model/Materials/Wheel_Mats/DisplacementMap.png using Guid(d27d380e8c37d09439699c5f603e1fdb) Importer(2089858483,0ecaa5967403d082aa24f35e1b516d23) Generated GUIDs only implemented for interfaces!
 -> (artifact id: '26a5570297ecb507611154a9642b9044') in 0.044929 seconds
Number of updated asset objects reloaded before import = 0
Number of asset objects unloaded after import = 1
========================================================================
Received Import Request.
  Time since last request: 0.000013 seconds.
  path: Assets/Sport Car - 3D model/Flares/Textures/TailFlare.png
  artifactKey: Guid(fc37229fa34ba1c4b85f50dd3f01ae4d) Importer(2089858483,0ecaa5967403d082aa24f35e1b516d23)
Start importing Assets/Sport Car - 3D model/Flares/Textures/TailFlare.png using Guid(fc37229fa34ba1c4b85f50dd3f01ae4d) Importer(2089858483,0ecaa5967403d082aa24f35e1b516d23) Generated GUIDs only implemented for interfaces!
 -> (artifact id: '827e337f4222bb0dcfc2532b180ebfb4') in 0.046894 seconds
Number of updated asset objects reloaded before import = 0
Number of asset objects unloaded after import = 1
========================================================================
Received Import Request.
  Time since last request: 0.000012 seconds.
  path: Assets/Sport Car - 3D model/Materials/Wheel_Mats/Tire.mat
  artifactKey: Guid(078380fb5cb6b134796b7ccc06a7b04d) Importer(2089858483,0ecaa5967403d082aa24f35e1b516d23)
Start importing Assets/Sport Car - 3D model/Materials/Wheel_Mats/Tire.mat using Guid(078380fb5cb6b134796b7ccc06a7b04d) Importer(2089858483,0ecaa5967403d082aa24f35e1b516d23) Generated GUIDs only implemented for interfaces!
 -> (artifact id: '25b8d69c42bac139e527159e9e78dea6') in 0.032640 seconds
Number of updated asset objects reloaded before import = 0
Number of asset objects unloaded after import = 5
========================================================================
Received Import Request.
  Time since last request: 0.000011 seconds.
  path: Assets/Sport Car - 3D model/Prefabs/Materials/BrakeLights.mat
  artifactKey: Guid(036eec60730e66449b0bb10d91aeb4e5) Importer(2089858483,0ecaa5967403d082aa24f35e1b516d23)
Start importing Assets/Sport Car - 3D model/Prefabs/Materials/BrakeLights.mat using Guid(036eec60730e66449b0bb10d91aeb4e5) Importer(2089858483,0ecaa5967403d082aa24f35e1b516d23) Generated GUIDs only implemented for interfaces!
 -> (artifact id: '7840b059d91fb77f7bec814216303814') in 0.007038 seconds
Number of updated asset objects reloaded before import = 0
Number of asset objects unloaded after import = 1
========================================================================
Received Import Request.
  Time since last request: 0.000011 seconds.
  path: Assets/Sport Car - 3D model/Flares/IndicatorFlare.flare
  artifactKey: Guid(7822f90f31d9b1f49acb213e805a35fd) Importer(2089858483,0ecaa5967403d082aa24f35e1b516d23)
Start importing Assets/Sport Car - 3D model/Flares/IndicatorFlare.flare using Guid(7822f90f31d9b1f49acb213e805a35fd) Importer(2089858483,0ecaa5967403d082aa24f35e1b516d23) Generated GUIDs only implemented for interfaces!
 -> (artifact id: 'f455a495245501551f00622216d9416c') in 0.006033 seconds
Number of updated asset objects reloaded before import = 0
Number of asset objects unloaded after import = 2
========================================================================
Received Import Request.
  Time since last request: 0.000013 seconds.
  path: Assets/Sport Car - 3D model/Materials/Lights/RightIndicator.mat
  artifactKey: Guid(c759fce7a5dd6dc4ea2792a428e94050) Importer(2089858483,0ecaa5967403d082aa24f35e1b516d23)
Start importing Assets/Sport Car - 3D model/Materials/Lights/RightIndicator.mat using Guid(c759fce7a5dd6dc4ea2792a428e94050) Importer(2089858483,0ecaa5967403d082aa24f35e1b516d23) Generated GUIDs only implemented for interfaces!
 -> (artifact id: '91be95630c67595cfa4d8ec182139eda') in 0.008005 seconds
Number of updated asset objects reloaded before import = 0
Number of asset objects unloaded after import = 1
========================================================================
Received Import Request.
  Time since last request: 0.000013 seconds.
  path: Assets/Sport Car - 3D model/Materials/Lights/BrakeLights.mat
  artifactKey: Guid(3ff81be07d516b84498d830e113ce20d) Importer(2089858483,0ecaa5967403d082aa24f35e1b516d23)
Start importing Assets/Sport Car - 3D model/Materials/Lights/BrakeLights.mat using Guid(3ff81be07d516b84498d830e113ce20d) Importer(2089858483,0ecaa5967403d082aa24f35e1b516d23) Generated GUIDs only implemented for interfaces!
 -> (artifact id: 'd67d511bfccc89b0f92e72c65020c2c1') in 0.006701 seconds
Number of updated asset objects reloaded before import = 0
Number of asset objects unloaded after import = 1
========================================================================
Received Import Request.
  Time since last request: 0.000013 seconds.
  path: Assets/Sport Car - 3D model/Materials/Lights/LigthsParts.mat
  artifactKey: Guid(47f34e06fb8c7984db37f033dcfda029) Importer(2089858483,0ecaa5967403d082aa24f35e1b516d23)
Start importing Assets/Sport Car - 3D model/Materials/Lights/LigthsParts.mat using Guid(47f34e06fb8c7984db37f033dcfda029) Importer(2089858483,0ecaa5967403d082aa24f35e1b516d23) Generated GUIDs only implemented for interfaces!
 -> (artifact id: 'bfdf850597f952c36cf07a6a65ba644e') in 0.008118 seconds
Number of updated asset objects reloaded before import = 0
Number of asset objects unloaded after import = 2
========================================================================
Received Import Request.
  Time since last request: 0.000011 seconds.
  path: Assets/Sport Car - 3D model/Prefabs/Materials/Tire.mat
  artifactKey: Guid(b6fd693b87c5a424488059935798aacb) Importer(2089858483,0ecaa5967403d082aa24f35e1b516d23)
Start importing Assets/Sport Car - 3D model/Prefabs/Materials/Tire.mat using Guid(b6fd693b87c5a424488059935798aacb) Importer(2089858483,0ecaa5967403d082aa24f35e1b516d23) Generated GUIDs only implemented for interfaces!
 -> (artifact id: '7beb86a482549f58919af6e7140fdb73') in 0.008481 seconds
Number of updated asset objects reloaded before import = 0
Number of asset objects unloaded after import = 2
========================================================================
Received Import Request.
  Time since last request: 0.000013 seconds.
  path: Assets/Sport Car - 3D model/Prefabs/SportCar.prefab
  artifactKey: Guid(f8b49f9d229541d43b30476c740c2477) Importer(2089858483,0ecaa5967403d082aa24f35e1b516d23)
Start importing Assets/Sport Car - 3D model/Prefabs/SportCar.prefab using Guid(f8b49f9d229541d43b30476c740c2477) Importer(2089858483,0ecaa5967403d082aa24f35e1b516d23) Generated GUIDs only implemented for interfaces!
 -> (artifact id: 'd2b8f8e1cbccfb6b87aa20505e2eec3d') in 0.031382 seconds
Number of updated asset objects reloaded before import = 0
Number of asset objects unloaded after import = 239
========================================================================
Received Import Request.
  Time since last request: 0.000014 seconds.
  path: Assets/Sport Car - 3D model/Prefabs/fbx.fbx
  artifactKey: Guid(9a91c5e887f917e419bfe9f63efe6056) Importer(2089858483,0ecaa5967403d082aa24f35e1b516d23)
Start importing Assets/Sport Car - 3D model/Prefabs/fbx.fbx using Guid(9a91c5e887f917e419bfe9f63efe6056) Importer(2089858483,0ecaa5967403d082aa24f35e1b516d23) Generated GUIDs only implemented for interfaces!
 -> (artifact id: 'fb88b26433a7a52d34af3b0aa36a542e') in 0.052276 seconds
Number of updated asset objects reloaded before import = 0
Number of asset objects unloaded after import = 107
Editor requested this worker to shutdown with reason: Scaling down because of idle timeout
TcpMessagingSession - receive error: operation aborted. errorcode: 995, details: 스레드 종료 또는 응용 프로그램 요청 때문에 I/O 작업이 취소되었습니다.
AssetImportWorker is now disconnected from the server
Process exiting
Exiting without the bug reporter. Application will terminate with return code 0